<?xml version="1.0" encoding="UTF-8"?>
<!-- Generated by org.testng.reporters.JUnitReportReporter -->
<testsuite hostname="Mukeshs-MacBook-Air.local" failures="0" tests="1" name="com.ots.testcases.RegisterNewUser" time="13.309" errors="0" timestamp="2024-02-29T08:18:19 IST" skipped="0">
  <testcase classname="com.ots.testcases.RegisterNewUser" name="createNewUser" time="13.309"/>
</testsuite> <!-- com.ots.testcases.RegisterNewUser -->
