<?xml version="1.0" encoding="UTF-8"?>
<!-- Generated by org.testng.reporters.JUnitReportReporter -->
<testsuite hostname="Yuktha" failures="0" tests="1" name="com.ots.testcases.LoginToApplication" time="2.883" errors="0" timestamp="2024-11-12T08:33:04 IST" skipped="0">
  <testcase classname="com.ots.testcases.LoginToApplication" name="loginApp" time="2.883"/>
</testsuite> <!-- com.ots.testcases.LoginToApplication -->
